[03-24 18:15:21]: [INFO] Created column 'regdate' and set the current timestamp, 1585095321298, to all 0 rows
[03-24 18:15:22]: [INFO] SQLite Setup finished
[03-24 18:15:22]: [INFO] Hooked into LuckPerms!
[03-24 18:15:22]: [INFO] Hooked successfully into Essentials
[03-24 18:15:22]: [INFO] Essentials spawn file not found: 'F:\我的世界Java材料\Project0\server\plugins\Essentials\spawn.yml'
[03-24 18:15:22]: [WARN] WARNING! The protectInventory feature requires ProtocolLib! Disabling it...
[03-24 18:15:22]: [INFO] AuthMe 5.6.0-SNAPSHOT build n.2385 successfully enabled!
[03-24 18:15:22]: [INFO] Downloading GEO IP database, because the old database is older than 30 days or doesn't exist
[03-24 18:15:22]: [WARN] No MaxMind credentials found in the configuration file! GeoIp protections will be disabled.
[03-24 18:15:22]: [INFO] There is no newer GEO IP database uploaded to MaxMind. Using the old one for now.
[03-24 18:15:22]: [WARN] Could not download GeoLiteAPI database [FileNotFoundException]: plugins\AuthMe\GeoLite2-Country.mmdb (系统找不到指定的文件。)
[03-24 18:15:22]: java.io.FileNotFoundException: plugins\AuthMe\GeoLite2-Country.mmdb (系统找不到指定的文件。)
	at java.io.RandomAccessFile.open0(Native Method)
	at java.io.RandomAccessFile.open(Unknown Source)
	at java.io.RandomAccessFile.<init>(Unknown Source)
	at fr.xephi.authme.libs.com.maxmind.db.BufferHolder.<init>(BufferHolder.java:20)
	at fr.xephi.authme.libs.com.maxmind.db.Reader.<init>(Reader.java:121)
	at fr.xephi.authme.service.GeoIpService.startReading(GeoIpService.java:173)
	at fr.xephi.authme.service.GeoIpService.updateDatabase(GeoIpService.java:144)
	at org.bukkit.craftbukkit.v1_14_R1.scheduler.CraftTask.run(CraftTask.java:84)
	at org.bukkit.craftbukkit.v1_14_R1.scheduler.CraftAsyncTask.run(CraftAsyncTask.java:54)
	at com.destroystokyo.paper.ServerSchedulerReportingWrapper.run(ServerSchedulerReportingWrapper.java:22)
	at java.util.concurrent.ThreadPoolExecutor.runWorker(Unknown Source)
	at java.util.concurrent.ThreadPoolExecutor$Worker.run(Unknown Source)
	at java.lang.Thread.run(Unknown Source)

[03-24 18:35:00]: [INFO] AuthMe 5.6.0-SNAPSHOT-b2385 disabled!
