[18:43:38] [Client thread/INFO]: Setting user: BiShop
[18:43:45] [Client thread/WARN]: Skipping bad option: lastServer:
[18:43:45] [Client thread/INFO]: LWJGL Version: 3.2.2 build 10
[18:43:49] [Client thread/INFO]: Narrator library for x64 successfully loaded
[18:43:50] [Realms Notification Availability checker #1/INFO]: Could not authorize you against Realms server: Invalid session id
[18:43:59] [Client thread/INFO]: OpenAL initialized.
[18:43:59] [Client thread/INFO]: Sound engine started
[18:43:59] [Client thread/INFO]: Created: 1024x512 textures-atlas
[18:44:01] [Client thread/INFO]: Created: 256x256 textures/particle-atlas
[18:44:01] [Client thread/INFO]: Created: 256x256 textures/painting-atlas
[18:44:01] [Client thread/INFO]: Created: 256x128 textures/mob_effect-atlas
[18:44:49] [Client thread/INFO]: Connecting to Play.RoyalLegacy.Net, 25565
[18:44:58] [Client thread/INFO]: Connecting to localhost, 25565
[18:47:00] [Client thread/INFO]: Connecting to localhost, 25565
[18:47:07] [Client thread/INFO]: [STDERR]: [统一通行证] transform [https://api.mojang.com/profiles/] to [https://auth2.nide8.com:233/85abede16e2e11ea908800163e095b49/api/profiles/]
[18:47:07] [Client thread/INFO]: [STDERR]: [统一通行证] transform com.mojang.authlib.yggdrasil.YggdrasilGameProfileRepository using yggdrasil-api-transform
[18:47:07] [Client thread/WARN]: Unknown custom packed identifier: minecraft:register
[18:47:08] [Client thread/INFO]: [CHAT] BiShop joined the game
[18:47:09] [Client thread/INFO]: Loaded 0 advancements
[18:47:09] [Client thread/INFO]: [CHAT] Welcome BiShop to the server!
[18:47:09] [Client thread/INFO]: [CHAT] BiShop取得了进度[获得升级]
[18:47:09] [Client thread/INFO]: Loaded 9 advancements
[18:47:33] [Client thread/INFO]: [CHAT] [Server: 已将BiShop设为服务器管理员]
[18:47:39] [Client thread/INFO]: [CHAT] 已设置BiShop的游戏模式为创造模式.
[18:47:48] [Client thread/INFO]: [CHAT] Unknown command. Type "/help" for help.
[18:47:52] [Client thread/INFO]: [CHAT] Display/Change the world time. Defaults to current world.
[18:47:52] [Client thread/INFO]: [CHAT] /time [day|night|dawn|17:30|4pm|4000ticks] [worldname|all]
[18:47:58] [Client thread/INFO]: [CHAT] 时间被设置为06:00 或 6:00 AM 或 0ticks 于世界:world.
[18:52:01] [Client thread/INFO]: [CHAT] <BiShop> a
[18:52:08] [Client thread/INFO]: Stopping!
